<?xml version="1.0" encoding="UTF-8"?>
<testsuite name="com.security.WebAppApplicationTests" tests="1" skipped="0" failures="0" errors="0" timestamp="2024-05-29T07:57:50" hostname="UNI-LAPTOP" time="1.422">
  <properties/>
  <testcase name="contextLoads()" classname="com.security.WebAppApplicationTests" time="1.422"/>
  <system-out><![CDATA[09:57:42.496 [Test worker] INFO org.springframework.test.context.support.AnnotationConfigContextLoaderUtils -- Could not detect default configuration classes for test class [com.security.WebAppApplicationTests]: WebAppApplicationTests does not declare any static, non-private, non-final, nested classes annotated with @Configuration.
09:57:42.801 [Test worker] INFO org.springframework.boot.test.context.SpringBootTestContextBootstrapper -- Found @SpringBootConfiguration com.security.Application for test class com.security.WebAppApplicationTests

  .   ____          _            __ _ _
 /\\ / ___'_ __ _ _(_)_ __  __ _ \ \ \ \
( ( )\___ | '_ | '_| | '_ \/ _` | \ \ \ \
 \\/  ___)| |_)| | | | | || (_| |  ) ) ) )
  '  |____| .__|_| |_|_| |_\__, | / / / /
 =========|_|==============|___/=/_/_/_/
 :: Spring Boot ::                (v3.2.4)

2024-05-29T09:57:43.680+02:00  INFO 22508 --- [    Test worker] com.security.WebAppApplicationTests      : Starting WebAppApplicationTests using Java 21.0.2 with PID 22508 (started by cedri in C:\Users\cedri\IdeaProjects\virtual-pet)
2024-05-29T09:57:43.682+02:00  INFO 22508 --- [    Test worker] com.security.WebAppApplicationTests      : No active profile set, falling back to 1 default profile: "default"
2024-05-29T09:57:45.200+02:00  INFO 22508 --- [    Test worker] .s.d.r.c.RepositoryConfigurationDelegate : Bootstrapping Spring Data JPA repositories in DEFAULT mode.
2024-05-29T09:57:45.241+02:00  INFO 22508 --- [    Test worker] .s.d.r.c.RepositoryConfigurationDelegate : Finished Spring Data repository scanning in 27 ms. Found 0 JPA repository interfaces.
2024-05-29T09:57:46.162+02:00  INFO 22508 --- [    Test worker] com.zaxxer.hikari.HikariDataSource       : HikariPool-1 - Starting...
2024-05-29T09:57:46.557+02:00  INFO 22508 --- [    Test worker] com.zaxxer.hikari.pool.HikariPool        : HikariPool-1 - Added connection conn0: url=jdbc:h2:mem:2d9f884d-3823-4822-b18d-74f677eb889e user=SA
2024-05-29T09:57:46.561+02:00  INFO 22508 --- [    Test worker] com.zaxxer.hikari.HikariDataSource       : HikariPool-1 - Start completed.
2024-05-29T09:57:46.661+02:00  INFO 22508 --- [    Test worker] o.hibernate.jpa.internal.util.LogHelper  : HHH000204: Processing PersistenceUnitInfo [name: default]
2024-05-29T09:57:46.817+02:00  INFO 22508 --- [    Test worker] org.hibernate.Version                    : HHH000412: Hibernate ORM core version 6.4.4.Final
2024-05-29T09:57:46.894+02:00  INFO 22508 --- [    Test worker] o.h.c.internal.RegionFactoryInitiator    : HHH000026: Second-level cache disabled
2024-05-29T09:57:47.492+02:00  INFO 22508 --- [    Test worker] o.s.o.j.p.SpringPersistenceUnitInfo      : No LoadTimeWeaver setup: ignoring JPA class transformer
2024-05-29T09:57:48.319+02:00  INFO 22508 --- [    Test worker] o.h.e.t.j.p.i.JtaPlatformInitiator       : HHH000489: No JTA platform available (set 'hibernate.transaction.jta.platform' to enable JTA platform integration)
2024-05-29T09:57:48.331+02:00  INFO 22508 --- [    Test worker] j.LocalContainerEntityManagerFactoryBean : Initialized JPA EntityManagerFactory for persistence unit 'default'
2024-05-29T09:57:48.460+02:00  WARN 22508 --- [    Test worker] JpaBaseConfiguration$JpaWebConfiguration : spring.jpa.open-in-view is enabled by default. Therefore, database queries may be performed during view rendering. Explicitly configure spring.jpa.open-in-view to disable this warning
2024-05-29T09:57:48.534+02:00  WARN 22508 --- [    Test worker] .s.s.UserDetailsServiceAutoConfiguration : 

Using generated security password: 139d7e58-1d7c-4e34-9ee2-7a077725597b

This generated password is for development use only. Your security configuration must be updated before running your application in production.

2024-05-29T09:57:49.745+02:00  INFO 22508 --- [    Test worker] o.s.s.web.DefaultSecurityFilterChain     : Will secure any request with [org.springframework.security.web.session.DisableEncodeUrlFilter@33bfe6d3, org.springframework.security.web.context.request.async.WebAsyncManagerIntegrationFilter@56dde9f7, org.springframework.security.web.context.SecurityContextHolderFilter@2f112ade, org.springframework.security.web.header.HeaderWriterFilter@320fc4b0, org.springframework.web.filter.CorsFilter@4b2acb12, org.springframework.security.web.authentication.logout.LogoutFilter@7378c4a4, org.springframework.security.web.savedrequest.RequestCacheAwareFilter@3ddac0b6, org.springframework.security.web.servletapi.SecurityContextHolderAwareRequestFilter@446a5aa5, org.springframework.security.web.authentication.AnonymousAuthenticationFilter@455d04d2, org.springframework.security.web.session.SessionManagementFilter@4d2bc56a, org.springframework.security.web.access.ExceptionTranslationFilter@28c7fd9d, org.springframework.security.web.access.intercept.AuthorizationFilter@4eb5764d]
2024-05-29T09:57:50.875+02:00  INFO 22508 --- [    Test worker] com.security.WebAppApplicationTests      : Started WebAppApplicationTests in 7.665 seconds (process running for 10.581)
]]></system-out>
  <system-err><![CDATA[WARNING: A Java agent has been loaded dynamically (C:\Users\cedri\.gradle\caches\modules-2\files-2.1\net.bytebuddy\byte-buddy-agent\1.14.12\be4984cb6fd1ef1d11f218a648889dfda44b8a15\byte-buddy-agent-1.14.12.jar)
WARNING: If a serviceability tool is in use, please run with -XX:+EnableDynamicAgentLoading to hide this warning
WARNING: If a serviceability tool is not in use, please run with -Djdk.instrument.traceUsage for more information
WARNING: Dynamic loading of agents will be disallowed by default in a future release
]]></system-err>
</testsuite>
