<?xml version="1.0" encoding="UTF-8"?>
<testsuite name="com.HTW.Pet.PetControllerTest" tests="8" skipped="0" failures="0" errors="0" timestamp="2025-01-21T13:26:43" hostname="UNI-LAPTOP" time="1.088">
  <properties/>
  <testcase name="testCheckAndCreatePet()" classname="com.HTW.Pet.PetControllerTest" time="1.034"/>
  <testcase name="testGetTopPets()" classname="com.HTW.Pet.PetControllerTest" time="0.006"/>
  <testcase name="testGetAllPets()" classname="com.HTW.Pet.PetControllerTest" time="0.004"/>
  <testcase name="testGetPetById()" classname="com.HTW.Pet.PetControllerTest" time="0.005"/>
  <testcase name="testUpdatePetStats()" classname="com.HTW.Pet.PetControllerTest" time="0.008"/>
  <testcase name="testDeletePet()" classname="com.HTW.Pet.PetControllerTest" time="0.004"/>
  <testcase name="testSavePet()" classname="com.HTW.Pet.PetControllerTest" time="0.005"/>
  <testcase name="testUpdateLastActions()" classname="com.HTW.Pet.PetControllerTest" time="0.004"/>
  <system-out><![CDATA[Empfangene Statistiken: {}
Empfangene Haustierdaten: com.HTW.Pet.Pet@7ce4de34
Empfangene letzte Aktionen: {}
]]></system-out>
  <system-err><![CDATA[WARNING: A Java agent has been loaded dynamically (C:\Users\cedri\.gradle\caches\modules-2\files-2.1\net.bytebuddy\byte-buddy-agent\1.14.12\be4984cb6fd1ef1d11f218a648889dfda44b8a15\byte-buddy-agent-1.14.12.jar)
WARNING: If a serviceability tool is in use, please run with -XX:+EnableDynamicAgentLoading to hide this warning
WARNING: If a serviceability tool is not in use, please run with -Djdk.instrument.traceUsage for more information
WARNING: Dynamic loading of agents will be disallowed by default in a future release
]]></system-err>
</testsuite>
